2020-08-19 17:39:29.936 - INFO - 16864 - azureml.train.automl._azureautomlclient.modify_run_configuration:196 - Package azureml-train-automl missing from dependencies file.
2020-08-19 17:39:29.937 - INFO - 16864 - azureml.train.automl._azureautomlclient.modify_run_configuration:202 - Using pinned version: azureml-train-automl==1.12.0.*
2020-08-19 17:39:29.937 - INFO - 16864 - azureml.train.automl._azureautomlclient.modify_run_configuration:196 - Package pandas missing from dependencies file.
2020-08-19 17:39:29.937 - INFO - 16864 - azureml.train.automl._azureautomlclient.modify_run_configuration:202 - Using pinned version: pandas>=0.21.0,<=0.23.4
2020-08-19 17:39:29.939 - INFO - 16864 - azureml.train.automl._azureautomlclient.modify_run_configuration:196 - Package psutil missing from dependencies file.
2020-08-19 17:39:29.939 - INFO - 16864 - azureml.train.automl._azureautomlclient.modify_run_configuration:202 - Using pinned version: psutil>5.0.0,<6.0.0
2020-08-19 17:39:29.939 - INFO - 16864 - azureml.train.automl._azureautomlclient.modify_run_configuration:196 - Package scikit-learn missing from dependencies file.
2020-08-19 17:39:29.940 - INFO - 16864 - azureml.train.automl._azureautomlclient.modify_run_configuration:202 - Using pinned version: scikit-learn<=0.20.3,>=0.19.0
2020-08-19 17:39:29.940 - INFO - 16864 - azureml.train.automl._azureautomlclient.modify_run_configuration:196 - Package numpy missing from dependencies file.
2020-08-19 17:39:29.940 - INFO - 16864 - azureml.train.automl._azureautomlclient.modify_run_configuration:202 - Using pinned version: numpy>=1.16.0,<1.17.0
2020-08-19 17:39:29.941 - INFO - 16864 - azureml.train.automl._azureautomlclient.modify_run_configuration:196 - Package py-xgboost missing from dependencies file.
2020-08-19 17:39:29.952 - INFO - 16864 - azureml.train.automl._azureautomlclient.modify_run_configuration:202 - Using pinned version: py-xgboost<=0.80
2020-08-19 17:39:29.953 - INFO - 16864 - azureml.train.automl._azureautomlclient.modify_run_configuration:196 - Package inference-schema missing from dependencies file.
2020-08-19 17:39:29.954 - INFO - 16864 - azureml.train.automl._azureautomlclient.modify_run_configuration:196 - Package holidays missing from dependencies file.
2020-08-19 17:39:29.954 - INFO - 16864 - azureml.train.automl._azureautomlclient.modify_run_configuration:202 - Using pinned version: holidays==0.9.11
2020-08-19 17:39:29.954 - INFO - 16864 - azureml.train.automl._azureautomlclient.modify_run_configuration:196 - Package fbprophet missing from dependencies file.
2020-08-19 17:39:29.956 - INFO - 16864 - azureml.train.automl._azureautomlclient.modify_run_configuration:202 - Using pinned version: fbprophet==0.5
2020-08-19 17:39:29.956 - INFO - 16864 - azureml.train.automl._azureautomlclient.modify_run_configuration:196 - Package setuptools-git missing from dependencies file.
2020-08-19 17:39:32.700 - INFO - 16864 - azureml.train.automl._azureautomlclient._validate_input:625 - Validation service found the data has no errors.
2020-08-19 17:39:32.701 - INFO - 16864 - azureml.train.automl._azureautomlclient._create_parent_run_for_remote:504 - Start creating parent run.
2020-08-19 17:39:33.331 - INFO - 16864 - azureml.train.automl._azureautomlclient._create_parent_run_for_remote:524 - [ParentRunID:AutoML_9835875b-0fd7-454d-a8f1-c8799cb2b9a3] Remote run using input X and y.
2020-08-19 17:39:33.520 - INFO - 16864 - azureml.train.automl._azureautomlclient._create_parent_run_for_remote:537 - Parent Run ID: AutoML_9835875b-0fd7-454d-a8f1-c8799cb2b9a3
2020-08-19 17:39:33.521 - INFO - 16864 - azureml.train.automl._azureautomlclient._fit_remote_core:466 - Starting a snapshot run (snapshot_id : None)
